<?xml version="1.0" encoding="UTF-8"?>
<!-- Generated by org.testng.reporters.JUnitReportReporter -->
<testsuite hostname="DESKTOP-J7ONAL4" name="googleMapsTests.basics5" tests="1" failures="0" timestamp="6 Aug 2019 14:42:22 GMT" time="5.122" errors="0">
  <testcase name="extractingNamesAPI" time="5.122" classname="googleMapsTests.basics5"/>
</testsuite>
