<?xml version="1.0" encoding="UTF-8"?>
<!-- Generated by org.testng.reporters.JUnitReportReporter -->
<testsuite hostname="DESKTOP-J7ONAL4" name="HelloWorld2" tests="1" failures="0" timestamp="19 Jul 2019 16:09:25 GMT" time="0.049" errors="0">
  <testcase name="Hello" time="0.049" classname="HelloWorld2"/>
</testsuite>
