<?xml version="1.0" encoding="UTF-8"?>
<!-- Generated by org.testng.reporters.JUnitReportReporter -->
<testsuite hostname="DESKTOP-J7ONAL4" name="tests.HelloWorld2" tests="1" failures="0" timestamp="19 Jul 2019 16:26:33 GMT" time="0.037" errors="0">
  <testcase name="Hello" time="0.037" classname="tests.HelloWorld2"/>
</testsuite>
