<?xml version="1.0" encoding="UTF-8"?>
<!-- Generated by org.testng.reporters.JUnitReportReporter -->
<testsuite hostname="DESKTOP-J7ONAL4" name="HelloWorld" tests="1" failures="0" timestamp="19 Jul 2019 16:09:16 GMT" time="0.032" errors="0">
  <testcase name="Hi" time="0.032" classname="HelloWorld"/>
</testsuite>
