<?xml version="1.0" encoding="UTF-8"?>
<!-- Generated by org.testng.reporters.JUnitReportReporter -->
<testsuite hostname="DESKTOP-J7ONAL4" name="googleMapsTests.basics" tests="1" failures="0" timestamp="6 Aug 2019 14:41:23 GMT" time="4.905" errors="0">
  <testcase name="getPlaceAPI" time="4.905" classname="googleMapsTests.basics"/>
</testsuite>
