<?xml version="1.0" encoding="UTF-8"?>
<!-- Generated by org.testng.reporters.JUnitReportReporter -->
<testsuite hostname="DESKTOP-J7ONAL4" name="tests.HelloWorld" tests="1" failures="0" timestamp="6 Aug 2019 14:27:16 GMT" time="0.016" errors="0">
  <testcase name="Hi" time="0.016" classname="tests.HelloWorld"/>
</testsuite>
