<?xml version="1.0" encoding="UTF-8"?>
<!-- Generated by org.testng.reporters.JUnitReportReporter -->
<testsuite hostname="DESKTOP-J7ONAL4" name="googleMapsTests.basics2" tests="1" failures="0" timestamp="6 Aug 2019 14:41:39 GMT" time="3.370" errors="0">
  <testcase name="createPlaceAPI" time="3.370" classname="googleMapsTests.basics2"/>
</testsuite>
