<?xml version="1.0" encoding="UTF-8"?>
<!-- Generated by org.testng.reporters.JUnitReportReporter -->
<testsuite hostname="DESKTOP-J7ONAL4" name="googleMapsTests.basics3" tests="1" failures="0" timestamp="6 Aug 2019 15:11:24 GMT" time="4.193" errors="0">
  <testcase name="AddandDeletePlace" time="4.193" classname="googleMapsTests.basics3"/>
</testsuite>
