<?xml version="1.0" encoding="UTF-8"?>
<!-- Generated by org.testng.reporters.JUnitReportReporter -->
<testsuite hostname="DESKTOP-J7ONAL4" name="googleMapsTests.basics" tests="1" failures="0" timestamp="6 Aug 2019 20:22:29 GMT" time="5.491" errors="0">
  <testcase name="getPlaceAPI" time="5.491" classname="googleMapsTests.basics"/>
</testsuite>
