<?xml version="1.0" encoding="UTF-8"?>
<!-- Generated by org.testng.reporters.JUnitReportReporter -->
<testsuite hostname="DESKTOP-J7ONAL4" name="googleMapsTests.basics3" tests="1" failures="0" timestamp="6 Aug 2019 15:12:45 GMT" time="0.910" errors="0">
  <testcase name="AddandDeletePlace" time="0.910" classname="googleMapsTests.basics3"/>
</testsuite>
