<?xml version="1.0" encoding="UTF-8"?>
<!-- Generated by org.testng.reporters.JUnitReportReporter -->
<testsuite hostname="DESKTOP-J7ONAL4" name="googleMapsTests.basics4" tests="1" failures="0" timestamp="6 Aug 2019 15:12:45 GMT" time="0.484" errors="0">
  <testcase name="postDataXML" time="0.484" classname="googleMapsTests.basics4"/>
</testsuite>
