<?xml version="1.0" encoding="UTF-8"?>
<!-- Generated by org.testng.reporters.JUnitReportReporter -->
<testsuite hostname="DESKTOP-J7ONAL4" name="googleMapsTests.basics5" tests="1" failures="0" timestamp="6 Aug 2019 15:12:45 GMT" time="1.341" errors="0">
  <testcase name="extractingNamesAPI" time="1.341" classname="googleMapsTests.basics5"/>
</testsuite>
